<?xml version="1.0" encoding="UTF-8"?>
<testsuite xmlns:xsi="http://www.w3.org/2001/XMLSchema-instance" xsi:noNamespaceSchemaLocation="https://maven.apache.org/surefire/maven-surefire-plugin/xsd/surefire-test-report-3.0.xsd" version="3.0" name="TestSuite" time="32.082" tests="34" errors="0" skipped="0" failures="4">
  <properties>
    <property name="sun.desktop" value="windows"/>
    <property name="awt.toolkit" value="sun.awt.windows.WToolkit"/>
    <property name="file.encoding.pkg" value="sun.io"/>
    <property name="java.specification.version" value="1.8"/>
    <property name="sun.cpu.isalist" value="amd64"/>
    <property name="sun.jnu.encoding" value="Cp1252"/>
    <property name="java.class.path" value="C:\Users\Javd\eclipse-workspace\RestAPITesting_Employee_Project\target\test-classes;C:\Users\Javd\eclipse-workspace\RestAPITesting_Employee_Project\target\classes;C:\Users\Javd\.m2\repository\io\rest-assured\rest-assured\4.1.2\rest-assured-4.1.2.jar;C:\Users\Javd\.m2\repository\org\codehaus\groovy\groovy\2.5.8\groovy-2.5.8.jar;C:\Users\Javd\.m2\repository\org\codehaus\groovy\groovy-xml\2.5.8\groovy-xml-2.5.8.jar;C:\Users\Javd\.m2\repository\org\apache\httpcomponents\httpclient\4.5.3\httpclient-4.5.3.jar;C:\Users\Javd\.m2\repository\org\apache\httpcomponents\httpcore\4.4.6\httpcore-4.4.6.jar;C:\Users\Javd\.m2\repository\commons-logging\commons-logging\1.2\commons-logging-1.2.jar;C:\Users\Javd\.m2\repository\org\apache\httpcomponents\httpmime\4.5.3\httpmime-4.5.3.jar;C:\Users\Javd\.m2\repository\org\hamcrest\hamcrest\2.1\hamcrest-2.1.jar;C:\Users\Javd\.m2\repository\org\ccil\cowan\tagsoup\tagsoup\1.2.1\tagsoup-1.2.1.jar;C:\Users\Javd\.m2\repository\io\rest-assured\json-path\4.1.2\json-path-4.1.2.jar;C:\Users\Javd\.m2\repository\org\codehaus\groovy\groovy-json\2.5.8\groovy-json-2.5.8.jar;C:\Users\Javd\.m2\repository\io\rest-assured\rest-assured-common\4.1.2\rest-assured-common-4.1.2.jar;C:\Users\Javd\.m2\repository\io\rest-assured\xml-path\4.1.2\xml-path-4.1.2.jar;C:\Users\Javd\.m2\repository\org\apache\commons\commons-lang3\3.4\commons-lang3-3.4.jar;C:\Users\Javd\.m2\repository\javax\xml\bind\jaxb-api\2.3.1\jaxb-api-2.3.1.jar;C:\Users\Javd\.m2\repository\javax\activation\javax.activation-api\1.2.0\javax.activation-api-1.2.0.jar;C:\Users\Javd\.m2\repository\com\sun\xml\bind\jaxb-osgi\2.3.0.1\jaxb-osgi-2.3.0.1.jar;C:\Users\Javd\.m2\repository\org\apache\sling\org.apache.sling.javax.activation\0.1.0\org.apache.sling.javax.activation-0.1.0.jar;C:\Users\Javd\.m2\repository\javax\activation\activation\1.1.1\activation-1.1.1.jar;C:\Users\Javd\.m2\repository\org\testng\testng\6.14.3\testng-6.14.3.jar;C:\Users\Javd\.m2\repository\com\beust\jcommander\1.72\jcommander-1.72.jar;C:\Users\Javd\.m2\repository\org\apache-extras\beanshell\bsh\2.0b6\bsh-2.0b6.jar;C:\Users\Javd\.m2\repository\com\googlecode\json-simple\json-simple\1.1.1\json-simple-1.1.1.jar;C:\Users\Javd\.m2\repository\junit\junit\4.10\junit-4.10.jar;C:\Users\Javd\.m2\repository\org\hamcrest\hamcrest-core\1.1\hamcrest-core-1.1.jar;C:\Users\Javd\.m2\repository\org\apache\poi\poi\3.17\poi-3.17.jar;C:\Users\Javd\.m2\repository\commons-codec\commons-codec\1.10\commons-codec-1.10.jar;C:\Users\Javd\.m2\repository\org\apache\commons\commons-collections4\4.1\commons-collections4-4.1.jar;C:\Users\Javd\.m2\repository\org\apache\poi\poi-ooxml\3.17\poi-ooxml-3.17.jar;C:\Users\Javd\.m2\repository\org\apache\poi\poi-ooxml-schemas\3.17\poi-ooxml-schemas-3.17.jar;C:\Users\Javd\.m2\repository\org\apache\xmlbeans\xmlbeans\2.6.0\xmlbeans-2.6.0.jar;C:\Users\Javd\.m2\repository\stax\stax-api\1.0.1\stax-api-1.0.1.jar;C:\Users\Javd\.m2\repository\com\github\virtuald\curvesapi\1.04\curvesapi-1.04.jar;C:\Users\Javd\.m2\repository\com\aventstack\extentreports\4.0.9\extentreports-4.0.9.jar;C:\Users\Javd\.m2\repository\org\freemarker\freemarker\2.3.23\freemarker-2.3.23.jar;C:\Users\Javd\.m2\repository\org\mongodb\mongodb-driver\3.3.0\mongodb-driver-3.3.0.jar;C:\Users\Javd\.m2\repository\org\mongodb\mongodb-driver-core\3.3.0\mongodb-driver-core-3.3.0.jar;C:\Users\Javd\.m2\repository\org\mongodb\bson\3.3.0\bson-3.3.0.jar;C:\Users\Javd\.m2\repository\com\google\code\gson\gson\2.8.5\gson-2.8.5.jar;C:\Users\Javd\.m2\repository\log4j\log4j\1.2.17\log4j-1.2.17.jar;"/>
    <property name="java.vm.vendor" value="Oracle Corporation"/>
    <property name="sun.arch.data.model" value="64"/>
    <property name="user.variant" value=""/>
    <property name="java.vendor.url" value="http://java.oracle.com/"/>
    <property name="user.timezone" value="America/New_York"/>
    <property name="java.vm.specification.version" value="1.8"/>
    <property name="os.name" value="Windows 10"/>
    <property name="user.country" value="US"/>
    <property name="sun.java.launcher" value="SUN_STANDARD"/>
    <property name="sun.boot.library.path" value="C:\Program Files\Java\jdk1.8.0_181\jre\bin"/>
    <property name="sun.java.command" value="C:\Users\Javd\AppData\Local\Temp\surefire716576278537241336\surefirebooter457049333028023965.jar C:\Users\Javd\AppData\Local\Temp\surefire716576278537241336 2020-11-13T01-09-13_153-jvmRun1 surefire6163566544791717198tmp surefire_0573452745797736830tmp"/>
    <property name="surefire.test.class.path" value="C:\Users\Javd\eclipse-workspace\RestAPITesting_Employee_Project\target\test-classes;C:\Users\Javd\eclipse-workspace\RestAPITesting_Employee_Project\target\classes;C:\Users\Javd\.m2\repository\io\rest-assured\rest-assured\4.1.2\rest-assured-4.1.2.jar;C:\Users\Javd\.m2\repository\org\codehaus\groovy\groovy\2.5.8\groovy-2.5.8.jar;C:\Users\Javd\.m2\repository\org\codehaus\groovy\groovy-xml\2.5.8\groovy-xml-2.5.8.jar;C:\Users\Javd\.m2\repository\org\apache\httpcomponents\httpclient\4.5.3\httpclient-4.5.3.jar;C:\Users\Javd\.m2\repository\org\apache\httpcomponents\httpcore\4.4.6\httpcore-4.4.6.jar;C:\Users\Javd\.m2\repository\commons-logging\commons-logging\1.2\commons-logging-1.2.jar;C:\Users\Javd\.m2\repository\org\apache\httpcomponents\httpmime\4.5.3\httpmime-4.5.3.jar;C:\Users\Javd\.m2\repository\org\hamcrest\hamcrest\2.1\hamcrest-2.1.jar;C:\Users\Javd\.m2\repository\org\ccil\cowan\tagsoup\tagsoup\1.2.1\tagsoup-1.2.1.jar;C:\Users\Javd\.m2\repository\io\rest-assured\json-path\4.1.2\json-path-4.1.2.jar;C:\Users\Javd\.m2\repository\org\codehaus\groovy\groovy-json\2.5.8\groovy-json-2.5.8.jar;C:\Users\Javd\.m2\repository\io\rest-assured\rest-assured-common\4.1.2\rest-assured-common-4.1.2.jar;C:\Users\Javd\.m2\repository\io\rest-assured\xml-path\4.1.2\xml-path-4.1.2.jar;C:\Users\Javd\.m2\repository\org\apache\commons\commons-lang3\3.4\commons-lang3-3.4.jar;C:\Users\Javd\.m2\repository\javax\xml\bind\jaxb-api\2.3.1\jaxb-api-2.3.1.jar;C:\Users\Javd\.m2\repository\javax\activation\javax.activation-api\1.2.0\javax.activation-api-1.2.0.jar;C:\Users\Javd\.m2\repository\com\sun\xml\bind\jaxb-osgi\2.3.0.1\jaxb-osgi-2.3.0.1.jar;C:\Users\Javd\.m2\repository\org\apache\sling\org.apache.sling.javax.activation\0.1.0\org.apache.sling.javax.activation-0.1.0.jar;C:\Users\Javd\.m2\repository\javax\activation\activation\1.1.1\activation-1.1.1.jar;C:\Users\Javd\.m2\repository\org\testng\testng\6.14.3\testng-6.14.3.jar;C:\Users\Javd\.m2\repository\com\beust\jcommander\1.72\jcommander-1.72.jar;C:\Users\Javd\.m2\repository\org\apache-extras\beanshell\bsh\2.0b6\bsh-2.0b6.jar;C:\Users\Javd\.m2\repository\com\googlecode\json-simple\json-simple\1.1.1\json-simple-1.1.1.jar;C:\Users\Javd\.m2\repository\junit\junit\4.10\junit-4.10.jar;C:\Users\Javd\.m2\repository\org\hamcrest\hamcrest-core\1.1\hamcrest-core-1.1.jar;C:\Users\Javd\.m2\repository\org\apache\poi\poi\3.17\poi-3.17.jar;C:\Users\Javd\.m2\repository\commons-codec\commons-codec\1.10\commons-codec-1.10.jar;C:\Users\Javd\.m2\repository\org\apache\commons\commons-collections4\4.1\commons-collections4-4.1.jar;C:\Users\Javd\.m2\repository\org\apache\poi\poi-ooxml\3.17\poi-ooxml-3.17.jar;C:\Users\Javd\.m2\repository\org\apache\poi\poi-ooxml-schemas\3.17\poi-ooxml-schemas-3.17.jar;C:\Users\Javd\.m2\repository\org\apache\xmlbeans\xmlbeans\2.6.0\xmlbeans-2.6.0.jar;C:\Users\Javd\.m2\repository\stax\stax-api\1.0.1\stax-api-1.0.1.jar;C:\Users\Javd\.m2\repository\com\github\virtuald\curvesapi\1.04\curvesapi-1.04.jar;C:\Users\Javd\.m2\repository\com\aventstack\extentreports\4.0.9\extentreports-4.0.9.jar;C:\Users\Javd\.m2\repository\org\freemarker\freemarker\2.3.23\freemarker-2.3.23.jar;C:\Users\Javd\.m2\repository\org\mongodb\mongodb-driver\3.3.0\mongodb-driver-3.3.0.jar;C:\Users\Javd\.m2\repository\org\mongodb\mongodb-driver-core\3.3.0\mongodb-driver-core-3.3.0.jar;C:\Users\Javd\.m2\repository\org\mongodb\bson\3.3.0\bson-3.3.0.jar;C:\Users\Javd\.m2\repository\com\google\code\gson\gson\2.8.5\gson-2.8.5.jar;C:\Users\Javd\.m2\repository\log4j\log4j\1.2.17\log4j-1.2.17.jar;"/>
    <property name="sun.cpu.endian" value="little"/>
    <property name="user.home" value="C:\Users\Javd"/>
    <property name="user.language" value="en"/>
    <property name="java.specification.vendor" value="Oracle Corporation"/>
    <property name="java.home" value="C:\Program Files\Java\jdk1.8.0_181\jre"/>
    <property name="basedir" value="C:\Users\Javd\eclipse-workspace\RestAPITesting_Employee_Project"/>
    <property name="file.separator" value="\"/>
    <property name="line.separator" value="&#10;"/>
    <property name="java.vm.specification.vendor" value="Oracle Corporation"/>
    <property name="java.specification.name" value="Java Platform API Specification"/>
    <property name="java.awt.graphicsenv" value="sun.awt.Win32GraphicsEnvironment"/>
    <property name="surefire.real.class.path" value="C:\Users\Javd\AppData\Local\Temp\surefire716576278537241336\surefirebooter457049333028023965.jar"/>
    <property name="sun.boot.class.path" value="C:\Program Files\Java\jdk1.8.0_181\jre\lib\resources.jar;C:\Program Files\Java\jdk1.8.0_181\jre\lib\rt.jar;C:\Program Files\Java\jdk1.8.0_181\jre\lib\sunrsasign.jar;C:\Program Files\Java\jdk1.8.0_181\jre\lib\jsse.jar;C:\Program Files\Java\jdk1.8.0_181\jre\lib\jce.jar;C:\Program Files\Java\jdk1.8.0_181\jre\lib\charsets.jar;C:\Program Files\Java\jdk1.8.0_181\jre\lib\jfr.jar;C:\Program Files\Java\jdk1.8.0_181\jre\classes"/>
    <property name="user.script" value=""/>
    <property name="sun.management.compiler" value="HotSpot 64-Bit Tiered Compilers"/>
    <property name="java.runtime.version" value="1.8.0_181-b13"/>
    <property name="user.name" value="Javd"/>
    <property name="path.separator" value=";"/>
    <property name="os.version" value="10.0"/>
    <property name="java.endorsed.dirs" value="C:\Program Files\Java\jdk1.8.0_181\jre\lib\endorsed"/>
    <property name="java.runtime.name" value="Java(TM) SE Runtime Environment"/>
    <property name="file.encoding" value="Cp1252"/>
    <property name="java.vm.name" value="Java HotSpot(TM) 64-Bit Server VM"/>
    <property name="localRepository" value="C:\Users\Javd\.m2\repository"/>
    <property name="java.vendor.url.bug" value="http://bugreport.sun.com/bugreport/"/>
    <property name="java.io.tmpdir" value="C:\Users\Javd\AppData\Local\Temp\"/>
    <property name="java.version" value="1.8.0_181"/>
    <property name="user.dir" value="C:\Users\Javd\eclipse-workspace\RestAPITesting_Employee_Project"/>
    <property name="os.arch" value="amd64"/>
    <property name="java.vm.specification.name" value="Java Virtual Machine Specification"/>
    <property name="java.awt.printerjob" value="sun.awt.windows.WPrinterJob"/>
    <property name="sun.os.patch.level" value=""/>
    <property name="java.library.path" value="C:\Program Files\Java\jdk1.8.0_181\jre\bin;C:\WINDOWS\Sun\Java\bin;C:\WINDOWS\system32;C:\WINDOWS;C:/Program Files/Java/jre1.8.0_181/bin/server;C:/Program Files/Java/jre1.8.0_181/bin;C:/Program Files/Java/jre1.8.0_181/lib/amd64;C:\oraclexe\app\oracle\product\11.2.0\server\bin;C:\Program Files (x86)\Common Files\Oracle\Java\javapath;C:\WINDOWS\system32;C:\WINDOWS;C:\WINDOWS\System32\Wbem;C:\WINDOWS\System32\WindowsPowerShell\v1.0\;C:\Program Files\Git\cmd;C:\WINDOWS\System32\OpenSSH\;C:\Program Files\TortoiseSVN\bin;C:\Users\Javd\AppData\Local\Android\Sdk\tools;C:\Users\Javd\AppData\Local\Android\Sdk\platform-tools;C:\Users\Javd\AppData\Local\Android\Sdk\tools\bin;C:\Program Files\nodejs\;C:\Program Files\nodejs\node_modules\npm\bin;C:\strawberry\c\bin;C:\strawberry\perl\bin;C:\Program Files\Java\jdk1.8.0_181\bin;C:\AUTOMATION\Selenium\allure-2.13.5\bin;C:\AUTOMATION\Selenium\gradle-6.5.1\bin;C:\Program Files\MongoDB\Server\4.4\bin;C:\AUTOMATION\Selenium\apache-maven-3.6.3\bin;C:\Users\Javd\AppData\Local\Microsoft\WindowsApps;C:\Users\Javd\AppData\Roaming\npm;C:\Users\Javd\AppData\Local\atom\bin;C:\Users\Javd\AppData\Local\Microsoft\WindowsApps;C:\Program Files\MongoDB\Server\4.4\bin;;C:\Users\Javd\Desktop;;."/>
    <property name="java.vm.info" value="mixed mode"/>
    <property name="java.vendor" value="Oracle Corporation"/>
    <property name="java.vm.version" value="25.181-b13"/>
    <property name="java.ext.dirs" value="C:\Program Files\Java\jdk1.8.0_181\jre\lib\ext;C:\WINDOWS\Sun\Java\lib\ext"/>
    <property name="sun.io.unicode.encoding" value="UnicodeLittle"/>
    <property name="java.class.version" value="52.0"/>
  </properties>
  <testcase name="checkContentLenght" classname="com.employeeapi.testCases.TC001_Get_All_Employees" time="0.058">
    <system-out><![CDATA[2020-11-13 01:09:22 INFO  EmployeesRestAPI:35 - *********Started TC001_Get_All_Employees **********
2020-11-13 01:09:26 INFO  EmployeesRestAPI:131 - ***********  Checking Content Lenght**********
2020-11-13 01:09:26 INFO  EmployeesRestAPI:134 - Content Length is==>595
]]></system-out>
  </testcase>
  <testcase name="checkContentType" classname="com.employeeapi.testCases.TC001_Get_All_Employees" time="0.003">
    <system-out><![CDATA[2020-11-13 01:09:26 INFO  EmployeesRestAPI:98 - ***********  Checking Content Type **********
2020-11-13 01:09:26 INFO  EmployeesRestAPI:101 - Content type is ==>application/json;charset=utf-8
]]></system-out>
  </testcase>
  <testcase name="checkCookies" classname="com.employeeapi.testCases.TC001_Get_All_Employees" time="0.003">
    <system-out><![CDATA[2020-11-13 01:09:26 INFO  EmployeesRestAPI:146 - ***********  Checking Cookies **********
null
]]></system-out>
  </testcase>
  <testcase name="checkResponseTime" classname="com.employeeapi.testCases.TC001_Get_All_Employees" time="0.005">
    <system-out><![CDATA[2020-11-13 01:09:26 INFO  EmployeesRestAPI:69 - ***********  Checking Response Time **********
2020-11-13 01:09:26 INFO  EmployeesRestAPI:72 - Response Time is ==>1717
]]></system-out>
  </testcase>
  <testcase name="checkResposeBody" classname="com.employeeapi.testCases.TC001_Get_All_Employees" time="0.166">
    <system-out><![CDATA[2020-11-13 01:09:26 INFO  EmployeesRestAPI:47 - ***********  Checking Respose Body **********
2020-11-13 01:09:26 INFO  EmployeesRestAPI:50 - Response Body==>{"status":"success","data":[{"id":"1","employee_name":"Tiger Nixon","employee_salary":"320800","employee_age":"61","profile_image":""},{"id":"2","employee_name":"Garrett Winters","employee_salary":"170750","employee_age":"63","profile_image":""},{"id":"3","employee_name":"Ashton Cox","employee_salary":"86000","employee_age":"66","profile_image":""},{"id":"4","employee_name":"Cedric Kelly","employee_salary":"433060","employee_age":"22","profile_image":""},{"id":"5","employee_name":"Airi Satou","employee_salary":"162700","employee_age":"33","profile_image":""},{"id":"6","employee_name":"Brielle Williamson","employee_salary":"372000","employee_age":"61","profile_image":""},{"id":"7","employee_name":"Herrod Chandler","employee_salary":"137500","employee_age":"59","profile_image":""},{"id":"8","employee_name":"Rhona Davidson","employee_salary":"327900","employee_age":"55","profile_image":""},{"id":"9","employee_name":"Colleen Hurst","employee_salary":"205500","employee_age":"39","profile_image":""},{"id":"10","employee_name":"Sonya Frost","employee_salary":"103600","employee_age":"23","profile_image":""},{"id":"11","employee_name":"Jena Gaines","employee_salary":"90560","employee_age":"30","profile_image":""},{"id":"12","employee_name":"Quinn Flynn","employee_salary":"342000","employee_age":"22","profile_image":""},{"id":"13","employee_name":"Charde Marshall","employee_salary":"470600","employee_age":"36","profile_image":""},{"id":"14","employee_name":"Haley Kennedy","employee_salary":"313500","employee_age":"43","profile_image":""},{"id":"15","employee_name":"Tatyana Fitzpatrick","employee_salary":"385750","employee_age":"19","profile_image":""},{"id":"16","employee_name":"Michael Silva","employee_salary":"198500","employee_age":"66","profile_image":""},{"id":"17","employee_name":"Paul Byrd","employee_salary":"725000","employee_age":"64","profile_image":""},{"id":"18","employee_name":"Gloria Little","employee_salary":"237500","employee_age":"59","profile_image":""},{"id":"19","employee_name":"Bradley Greer","employee_salary":"132000","employee_age":"41","profile_image":""},{"id":"20","employee_name":"Dai Rios","employee_salary":"217500","employee_age":"35","profile_image":""},{"id":"21","employee_name":"Jenette Caldwell","employee_salary":"345000","employee_age":"30","profile_image":""},{"id":"22","employee_name":"Yuri Berry","employee_salary":"675000","employee_age":"40","profile_image":""},{"id":"23","employee_name":"Caesar Vance","employee_salary":"106450","employee_age":"21","profile_image":""},{"id":"24","employee_name":"Doris Wilder","employee_salary":"85600","employee_age":"23","profile_image":""}]}
]]></system-out>
  </testcase>
  <testcase name="checkStatusCode" classname="com.employeeapi.testCases.TC001_Get_All_Employees" time="0.006">
    <system-out><![CDATA[2020-11-13 01:09:26 INFO  EmployeesRestAPI:58 - ***********  Checking Status Code **********
2020-11-13 01:09:26 INFO  EmployeesRestAPI:61 - Status Code is ==>200
]]></system-out>
  </testcase>
  <testcase name="checkcontentEncoding" classname="com.employeeapi.testCases.TC001_Get_All_Employees" time="0.001">
    <system-out><![CDATA[2020-11-13 01:09:26 INFO  EmployeesRestAPI:119 - ***********  Checking Content Encoding**********
2020-11-13 01:09:26 INFO  EmployeesRestAPI:122 - Content Encoding is==>gzip
]]></system-out>
  </testcase>
  <testcase name="checkserverType" classname="com.employeeapi.testCases.TC001_Get_All_Employees" time="0.001">
    <system-out><![CDATA[2020-11-13 01:09:26 INFO  EmployeesRestAPI:108 - ***********  Checking Server Type **********
2020-11-13 01:09:26 INFO  EmployeesRestAPI:111 - Server Type is =>nginx/1.16.0
]]></system-out>
  </testcase>
  <testcase name="checkstatusLine" classname="com.employeeapi.testCases.TC001_Get_All_Employees" time="0.001">
    <system-out><![CDATA[2020-11-13 01:09:26 INFO  EmployeesRestAPI:85 - ***********  Checking Status Line **********
2020-11-13 01:09:26 INFO  EmployeesRestAPI:88 - Status Line is ==>HTTP/1.1 200 OK
]]></system-out>
  </testcase>
  <testcase name="checkContentLenght" classname="com.employeeapi.testCases.TC002_Get_Single_Employee_Record" time="0">
    <system-out><![CDATA[2020-11-13 01:09:26 INFO  EmployeesRestAPI:156 - *********  Finished TC001_Get_All_Employees **********
2020-11-13 01:09:26 INFO  EmployeesRestAPI:36 - *********Started TC002_Get_Single_Employee_Record **********
]]></system-out>
  </testcase>
  <testcase name="checkContentType" classname="com.employeeapi.testCases.TC002_Get_Single_Employee_Record" time="0.004"/>
  <testcase name="checkResponseTime" classname="com.employeeapi.testCases.TC002_Get_Single_Employee_Record" time="0.003"/>
  <testcase name="checkResposeBody" classname="com.employeeapi.testCases.TC002_Get_Single_Employee_Record" time="0.008"/>
  <testcase name="checkStatusCode" classname="com.employeeapi.testCases.TC002_Get_Single_Employee_Record" time="0.004"/>
  <testcase name="checkserverType" classname="com.employeeapi.testCases.TC002_Get_Single_Employee_Record" time="0.004"/>
  <testcase name="checkstatusLine" classname="com.employeeapi.testCases.TC002_Get_Single_Employee_Record" time="0.003"/>
  <testcase name="checkContentType" classname="com.employeeapi.testCases.TC003_Post_Employee_Record" time="0.033">
    <system-out><![CDATA[2020-11-13 01:09:34 INFO  EmployeesRestAPI:99 - *********  Finished TC002_Get_Single_Employee_Record **********
2020-11-13 01:09:34 INFO  EmployeesRestAPI:43 - *********Started TC003_Post_Employee_Record **********
]]></system-out>
  </testcase>
  <testcase name="checkResposeBody" classname="com.employeeapi.testCases.TC003_Post_Employee_Record" time="0"/>
  <testcase name="checkStatusCode" classname="com.employeeapi.testCases.TC003_Post_Employee_Record" time="0"/>
  <testcase name="checkcontentEncoding" classname="com.employeeapi.testCases.TC003_Post_Employee_Record" time="0.086">
    <failure message="expected [null] but found [null]" type="java.lang.AssertionError"><![CDATA[java.lang.AssertionError: expected [null] but found [null]
	at com.employeeapi.testCases.TC003_Post_Employee_Record.checkcontentEncoding(TC003_Post_Employee_Record.java:109)
]]></failure>
  </testcase>
  <testcase name="checkserverType" classname="com.employeeapi.testCases.TC003_Post_Employee_Record" time="0.009"/>
  <testcase name="checkstatusLine" classname="com.employeeapi.testCases.TC003_Post_Employee_Record" time="0.001"/>
  <testcase name="checkContentType" classname="com.employeeapi.testCases.TC004_Put_Employee_Record" time="0">
    <system-out><![CDATA[2020-11-13 01:09:40 INFO  EmployeesRestAPI:116 - *********  Finished TC003_Post_Employee_Record **********
2020-11-13 01:09:40 INFO  EmployeesRestAPI:42 - *********Started TC004_Put_Employee_Record **********
]]></system-out>
  </testcase>
  <testcase name="checkResposeBody" classname="com.employeeapi.testCases.TC004_Put_Employee_Record" time="0.004"/>
  <testcase name="checkStatusCode" classname="com.employeeapi.testCases.TC004_Put_Employee_Record" time="0.004"/>
  <testcase name="checkcontentEncoding" classname="com.employeeapi.testCases.TC004_Put_Employee_Record" time="0.007">
    <failure message="expected [null] but found [null]" type="java.lang.AssertionError"><![CDATA[java.lang.AssertionError: expected [null] but found [null]
	at com.employeeapi.testCases.TC004_Put_Employee_Record.checkcontentEncoding(TC004_Put_Employee_Record.java:109)
]]></failure>
  </testcase>
  <testcase name="checkserverType" classname="com.employeeapi.testCases.TC004_Put_Employee_Record" time="0.003"/>
  <testcase name="checkstatusLine" classname="com.employeeapi.testCases.TC004_Put_Employee_Record" time="0.004"/>
  <testcase name="checkContentType" classname="com.employeeapi.testCases.TC005_Delete_Employee_Record" time="0.003">
    <system-out><![CDATA[2020-11-13 01:09:45 INFO  EmployeesRestAPI:116 - *********  Finished TC004_Put_Employee_Record **********
2020-11-13 01:09:46 INFO  EmployeesRestAPI:38 - *********Started TC005_Delete_Employee_Record **********
]]></system-out>
  </testcase>
  <testcase name="checkResposeBody" classname="com.employeeapi.testCases.TC005_Delete_Employee_Record" time="0.01">
    <failure message="expected [true] but found [false]" type="java.lang.AssertionError"><![CDATA[java.lang.AssertionError: expected [true] but found [false]
	at com.employeeapi.testCases.TC005_Delete_Employee_Record.checkResposeBody(TC005_Delete_Employee_Record.java:59)
]]></failure>
  </testcase>
  <testcase name="checkStatusCode" classname="com.employeeapi.testCases.TC005_Delete_Employee_Record" time="0.001"/>
  <testcase name="checkcontentEncoding" classname="com.employeeapi.testCases.TC005_Delete_Employee_Record" time="0.008">
    <failure message="expected [null] but found [null]" type="java.lang.AssertionError"><![CDATA[java.lang.AssertionError: expected [null] but found [null]
	at com.employeeapi.testCases.TC005_Delete_Employee_Record.checkcontentEncoding(TC005_Delete_Employee_Record.java:96)
]]></failure>
  </testcase>
  <testcase name="checkserverType" classname="com.employeeapi.testCases.TC005_Delete_Employee_Record" time="0.001"/>
  <testcase name="checkstatusLine" classname="com.employeeapi.testCases.TC005_Delete_Employee_Record" time="0.002"/>
</testsuite>