<?xml version="1.0" encoding="UTF-8"?>
<!-- Generated by org.testng.reporters.JUnitReportReporter -->
<testsuite skipped="0" hostname="JAVED" name="com.employeeapi.testCases.TC002_Get_Single_Employee_Record" tests="7" failures="0" timestamp="13 Nov 2020 06:09:51 GMT" time="0.011" errors="0">
  <testcase name="checkResponseTime" time="0.001" classname="com.employeeapi.testCases.TC002_Get_Single_Employee_Record"/>
  <testcase name="checkStatusCode" time="0.001" classname="com.employeeapi.testCases.TC002_Get_Single_Employee_Record"/>
  <testcase name="checkserverType" time="0.001" classname="com.employeeapi.testCases.TC002_Get_Single_Employee_Record"/>
  <testcase name="checkstatusLine" time="0.001" classname="com.employeeapi.testCases.TC002_Get_Single_Employee_Record"/>
  <testcase name="checkResposeBody" time="0.005" classname="com.employeeapi.testCases.TC002_Get_Single_Employee_Record"/>
  <testcase name="checkContentLenght" time="0.001" classname="com.employeeapi.testCases.TC002_Get_Single_Employee_Record"/>
  <testcase name="checkContentType" time="0.001" classname="com.employeeapi.testCases.TC002_Get_Single_Employee_Record"/>
</testsuite> <!-- com.employeeapi.testCases.TC002_Get_Single_Employee_Record -->
